{"D:\\Liza\\MY\\УЧЕБА\\task_react\\Context API\\555555555555\\RSS-react\\app\\components\\Error\\ErrorBoundary.tsx": {"path":"D:\\Liza\\MY\\УЧЕБА\\task_react\\Context API\\555555555555\\RSS-react\\app\\components\\Error\\ErrorBoundary.tsx","statementMap":{"0":{"start":{"line":1,"column":0},"end":{"line":1,"column":45}},"1":{"start":{"line":15,"column":4},"end":{"line":15,"column":17}},"2":{"start":{"line":35,"column":2},"end":{"line":37,"column":null}},"3":{"start":{"line":36,"column":4},"end":{"line":36,"column":39}},"4":{"start":{"line":16,"column":4},"end":{"line":19,"column":6}},"5":{"start":{"line":23,"column":4},"end":{"line":26,"column":6}},"6":{"start":{"line":30,"column":4},"end":{"line":30,"column":47}},"7":{"start":{"line":31,"column":4},"end":{"line":31,"column":25}},"8":{"start":{"line":32,"column":4},"end":{"line":32,"column":29}},"9":{"start":{"line":40,"column":4},"end":{"line":49,"column":null}},"10":{"start":{"line":41,"column":6},"end":{"line":46,"column":8}},"11":{"start":{"line":48,"column":6},"end":{"line":48,"column":33}},"12":{"start":{"line":53,"column":0},"end":{"line":53,"column":29}}},"fnMap":{"0":{"name":"(anonymous_0)","decl":{"start":{"line":14,"column":2},"end":{"line":14,"column":14}},"loc":{"start":{"line":14,"column":39},"end":{"line":20,"column":3}}},"1":{"name":"(anonymous_1)","decl":{"start":{"line":35,"column":17},"end":{"line":35,"column":20}},"loc":{"start":{"line":35,"column":22},"end":{"line":37,"column":3}}},"2":{"name":"(anonymous_2)","decl":{"start":{"line":22,"column":2},"end":{"line":22,"column":8}},"loc":{"start":{"line":22,"column":46},"end":{"line":27,"column":3}}},"3":{"name":"(anonymous_3)","decl":{"start":{"line":29,"column":2},"end":{"line":29,"column":19}},"loc":{"start":{"line":29,"column":54},"end":{"line":33,"column":3}}},"4":{"name":"(anonymous_4)","decl":{"start":{"line":39,"column":2},"end":{"line":39,"column":8}},"loc":{"start":{"line":39,"column":8},"end":{"line":50,"column":3}}}},"branchMap":{"0":{"loc":{"start":{"line":40,"column":4},"end":{"line":49,"column":null}},"type":"if","locations":[{"start":{"line":40,"column":4},"end":{"line":49,"column":null}},{"start":{"line":47,"column":11},"end":{"line":49,"column":null}}]}},"s":{"0":1,"1":1,"2":1,"3":0,"4":1,"5":0,"6":0,"7":0,"8":0,"9":1,"10":0,"11":1,"12":1},"f":{"0":1,"1":0,"2":0,"3":0,"4":1},"b":{"0":[0,1]}}
,"D:\\Liza\\MY\\УЧЕБА\\task_react\\Context API\\555555555555\\RSS-react\\app\\components\\Result\\Character\\Character.tsx": {"path":"D:\\Liza\\MY\\УЧЕБА\\task_react\\Context API\\555555555555\\RSS-react\\app\\components\\Result\\Character\\Character.tsx","statementMap":{"0":{"start":{"line":2,"column":0},"end":{"line":2,"column":45}},"1":{"start":{"line":3,"column":0},"end":{"line":3,"column":47}},"2":{"start":{"line":13,"column":29},"end":{"line":27,"column":1}},"3":{"start":{"line":14,"column":21},"end":{"line":14,"column":34}},"4":{"start":{"line":16,"column":33},"end":{"line":18,"column":5}},"5":{"start":{"line":17,"column":6},"end":{"line":17,"column":63}},"6":{"start":{"line":20,"column":4},"end":{"line":26,"column":6}},"7":{"start":{"line":29,"column":0},"end":{"line":29,"column":25}}},"fnMap":{"0":{"name":"(anonymous_1)","decl":{"start":{"line":13,"column":29},"end":{"line":13,"column":30}},"loc":{"start":{"line":13,"column":74},"end":{"line":27,"column":1}}},"1":{"name":"(anonymous_2)","decl":{"start":{"line":16,"column":33},"end":{"line":16,"column":36}},"loc":{"start":{"line":16,"column":38},"end":{"line":18,"column":5}}}},"branchMap":{},"s":{"0":1,"1":1,"2":1,"3":1,"4":1,"5":0,"6":1,"7":1},"f":{"0":1,"1":0},"b":{}}
,"D:\\Liza\\MY\\УЧЕБА\\task_react\\Context API\\555555555555\\RSS-react\\app\\components\\Result\\CharacterDetails\\CharacterDetails.tsx": {"path":"D:\\Liza\\MY\\УЧЕБА\\task_react\\Context API\\555555555555\\RSS-react\\app\\components\\Result\\CharacterDetails\\CharacterDetails.tsx","statementMap":{"0":{"start":{"line":2,"column":0},"end":{"line":2,"column":52}},"1":{"start":{"line":3,"column":0},"end":{"line":3,"column":47}},"2":{"start":{"line":11,"column":52},"end":{"line":30,"column":1}},"3":{"start":{"line":12,"column":19},"end":{"line":12,"column":32}},"4":{"start":{"line":14,"column":22},"end":{"line":16,"column":3}},"5":{"start":{"line":15,"column":4},"end":{"line":15,"column":36}},"6":{"start":{"line":18,"column":2},"end":{"line":29,"column":4}},"7":{"start":{"line":32,"column":0},"end":{"line":32,"column":32}}},"fnMap":{"0":{"name":"(anonymous_1)","decl":{"start":{"line":11,"column":52},"end":{"line":11,"column":54}},"loc":{"start":{"line":11,"column":86},"end":{"line":30,"column":1}}},"1":{"name":"(anonymous_2)","decl":{"start":{"line":14,"column":22},"end":{"line":14,"column":25}},"loc":{"start":{"line":14,"column":27},"end":{"line":16,"column":3}}}},"branchMap":{"0":{"loc":{"start":{"line":20,"column":13},"end":{"line":20,"column":32}},"type":"cond-expr","locations":[{"start":{"line":20,"column":26},"end":{"line":20,"column":28}},{"start":{"line":20,"column":13},"end":{"line":20,"column":32}}]},"1":{"loc":{"start":{"line":20,"column":13},"end":{"line":20,"column":28}},"type":"binary-expr","locations":[{"start":{"line":20,"column":13},"end":{"line":20,"column":28}},{"start":{"line":20,"column":13},"end":{"line":20,"column":28}}]},"2":{"loc":{"start":{"line":21,"column":18},"end":{"line":21,"column":38}},"type":"cond-expr","locations":[{"start":{"line":21,"column":31},"end":{"line":21,"column":33}},{"start":{"line":21,"column":18},"end":{"line":21,"column":38}}]},"3":{"loc":{"start":{"line":21,"column":18},"end":{"line":21,"column":33}},"type":"binary-expr","locations":[{"start":{"line":21,"column":18},"end":{"line":21,"column":33}},{"start":{"line":21,"column":18},"end":{"line":21,"column":33}}]},"4":{"loc":{"start":{"line":22,"column":20},"end":{"line":22,"column":41}},"type":"cond-expr","locations":[{"start":{"line":22,"column":33},"end":{"line":22,"column":35}},{"start":{"line":22,"column":20},"end":{"line":22,"column":41}}]},"5":{"loc":{"start":{"line":22,"column":20},"end":{"line":22,"column":35}},"type":"binary-expr","locations":[{"start":{"line":22,"column":20},"end":{"line":22,"column":35}},{"start":{"line":22,"column":20},"end":{"line":22,"column":35}}]},"6":{"loc":{"start":{"line":23,"column":21},"end":{"line":23,"column":43}},"type":"cond-expr","locations":[{"start":{"line":23,"column":34},"end":{"line":23,"column":36}},{"start":{"line":23,"column":21},"end":{"line":23,"column":43}}]},"7":{"loc":{"start":{"line":23,"column":21},"end":{"line":23,"column":36}},"type":"binary-expr","locations":[{"start":{"line":23,"column":21},"end":{"line":23,"column":36}},{"start":{"line":23,"column":21},"end":{"line":23,"column":36}}]},"8":{"loc":{"start":{"line":24,"column":18},"end":{"line":24,"column":37}},"type":"cond-expr","locations":[{"start":{"line":24,"column":31},"end":{"line":24,"column":33}},{"start":{"line":24,"column":18},"end":{"line":24,"column":37}}]},"9":{"loc":{"start":{"line":24,"column":18},"end":{"line":24,"column":33}},"type":"binary-expr","locations":[{"start":{"line":24,"column":18},"end":{"line":24,"column":33}},{"start":{"line":24,"column":18},"end":{"line":24,"column":33}}]}},"s":{"0":1,"1":1,"2":1,"3":1,"4":1,"5":0,"6":1,"7":1},"f":{"0":1,"1":0},"b":{"0":[0,1],"1":[1,1],"2":[0,1],"3":[1,1],"4":[0,1],"5":[1,1],"6":[0,1],"7":[1,1],"8":[0,1],"9":[1,1]}}
,"D:\\Liza\\MY\\УЧЕБА\\task_react\\Context API\\555555555555\\RSS-react\\app\\components\\Search\\Search.tsx": {"path":"D:\\Liza\\MY\\УЧЕБА\\task_react\\Context API\\555555555555\\RSS-react\\app\\components\\Search\\Search.tsx","statementMap":{"0":{"start":{"line":1,"column":0},"end":{"line":1,"column":48}},"1":{"start":{"line":2,"column":0},"end":{"line":2,"column":42}},"2":{"start":{"line":4,"column":19},"end":{"line":39,"column":1}},"3":{"start":{"line":5,"column":38},"end":{"line":5,"column":50}},"4":{"start":{"line":7,"column":28},"end":{"line":9,"column":3}},"5":{"start":{"line":8,"column":4},"end":{"line":8,"column":34}},"6":{"start":{"line":11,"column":23},"end":{"line":13,"column":3}},"7":{"start":{"line":12,"column":4},"end":{"line":12,"column":52}},"8":{"start":{"line":15,"column":2},"end":{"line":20,"column":9}},"9":{"start":{"line":16,"column":29},"end":{"line":16,"column":64}},"10":{"start":{"line":17,"column":4},"end":{"line":19,"column":null}},"11":{"start":{"line":18,"column":6},"end":{"line":18,"column":38}},"12":{"start":{"line":22,"column":2},"end":{"line":38,"column":4}},"13":{"start":{"line":41,"column":0},"end":{"line":41,"column":22}}},"fnMap":{"0":{"name":"(anonymous_1)","decl":{"start":{"line":4,"column":19},"end":{"line":4,"column":22}},"loc":{"start":{"line":4,"column":24},"end":{"line":39,"column":1}}},"1":{"name":"(anonymous_2)","decl":{"start":{"line":7,"column":28},"end":{"line":7,"column":29}},"loc":{"start":{"line":7,"column":71},"end":{"line":9,"column":3}}},"2":{"name":"(anonymous_3)","decl":{"start":{"line":11,"column":23},"end":{"line":11,"column":26}},"loc":{"start":{"line":11,"column":28},"end":{"line":13,"column":3}}},"3":{"name":"(anonymous_4)","decl":{"start":{"line":15,"column":13},"end":{"line":15,"column":16}},"loc":{"start":{"line":15,"column":18},"end":{"line":20,"column":3}}}},"branchMap":{"0":{"loc":{"start":{"line":17,"column":4},"end":{"line":19,"column":null}},"type":"if","locations":[{"start":{"line":17,"column":4},"end":{"line":19,"column":null}}]}},"s":{"0":1,"1":1,"2":1,"3":4,"4":4,"5":1,"6":4,"7":1,"8":4,"9":2,"10":2,"11":1,"12":4,"13":1},"f":{"0":4,"1":1,"2":1,"3":2},"b":{"0":[1]}}
,"D:\\Liza\\MY\\УЧЕБА\\task_react\\Context API\\555555555555\\RSS-react\\app\\pages\\Home\\Home.tsx": {"path":"D:\\Liza\\MY\\УЧЕБА\\task_react\\Context API\\555555555555\\RSS-react\\app\\pages\\Home\\Home.tsx","statementMap":{"0":{"start":{"line":1,"column":0},"end":{"line":1,"column":33}},"1":{"start":{"line":2,"column":0},"end":{"line":2,"column":40}},"2":{"start":{"line":3,"column":0},"end":{"line":3,"column":52}},"3":{"start":{"line":4,"column":0},"end":{"line":4,"column":52}},"4":{"start":{"line":5,"column":0},"end":{"line":5,"column":65}},"5":{"start":{"line":8,"column":28},"end":{"line":8,"column":56}},"6":{"start":{"line":10,"column":22},"end":{"line":12,"column":3}},"7":{"start":{"line":11,"column":4},"end":{"line":11,"column":40}},"8":{"start":{"line":14,"column":2},"end":{"line":16,"column":null}},"9":{"start":{"line":15,"column":4},"end":{"line":15,"column":45}},"10":{"start":{"line":18,"column":2},"end":{"line":31,"column":4}},"11":{"start":{"line":34,"column":0},"end":{"line":34,"column":20}}},"fnMap":{"0":{"name":"Home","decl":{"start":{"line":7,"column":9},"end":{"line":7,"column":13}},"loc":{"start":{"line":7,"column":13},"end":{"line":32,"column":1}}},"1":{"name":"(anonymous_2)","decl":{"start":{"line":10,"column":22},"end":{"line":10,"column":25}},"loc":{"start":{"line":10,"column":27},"end":{"line":12,"column":3}}}},"branchMap":{"0":{"loc":{"start":{"line":14,"column":2},"end":{"line":16,"column":null}},"type":"if","locations":[{"start":{"line":14,"column":2},"end":{"line":16,"column":null}}]}},"s":{"0":1,"1":1,"2":1,"3":1,"4":1,"5":6,"6":5,"7":1,"8":5,"9":4,"10":1,"11":1},"f":{"0":6,"1":1},"b":{"0":[4]}}
}
