TN:
SF:app\components\Error\ErrorBoundary.tsx
FN:14,(anonymous_0)
FN:35,(anonymous_1)
FN:22,(anonymous_2)
FN:29,(anonymous_3)
FN:39,(anonymous_4)
FNF:5
FNH:2
FNDA:1,(anonymous_0)
FNDA:0,(anonymous_1)
FNDA:0,(anonymous_2)
FNDA:0,(anonymous_3)
FNDA:1,(anonymous_4)
DA:1,1
DA:15,1
DA:16,1
DA:23,0
DA:30,0
DA:31,0
DA:32,0
DA:35,1
DA:36,0
DA:40,1
DA:41,0
DA:48,1
DA:53,1
LF:13
LH:7
BRDA:40,0,0,0
BRDA:40,0,1,1
BRF:2
BRH:1
end_of_record
TN:
SF:app\components\Result\Character\Character.tsx
FN:13,(anonymous_1)
FN:16,(anonymous_2)
FNF:2
FNH:1
FNDA:1,(anonymous_1)
FNDA:0,(anonymous_2)
DA:2,1
DA:3,1
DA:13,1
DA:14,1
DA:16,1
DA:17,0
DA:20,1
DA:29,1
LF:8
LH:7
BRF:0
BRH:0
end_of_record
TN:
SF:app\components\Result\CharacterDetails\CharacterDetails.tsx
FN:11,(anonymous_1)
FN:14,(anonymous_2)
FNF:2
FNH:1
FNDA:1,(anonymous_1)
FNDA:0,(anonymous_2)
DA:2,1
DA:3,1
DA:11,1
DA:12,1
DA:14,1
DA:15,0
DA:18,1
DA:32,1
LF:8
LH:7
BRDA:20,0,0,0
BRDA:20,0,1,1
BRDA:20,1,0,1
BRDA:20,1,1,1
BRDA:21,2,0,0
BRDA:21,2,1,1
BRDA:21,3,0,1
BRDA:21,3,1,1
BRDA:22,4,0,0
BRDA:22,4,1,1
BRDA:22,5,0,1
BRDA:22,5,1,1
BRDA:23,6,0,0
BRDA:23,6,1,1
BRDA:23,7,0,1
BRDA:23,7,1,1
BRDA:24,8,0,0
BRDA:24,8,1,1
BRDA:24,9,0,1
BRDA:24,9,1,1
BRF:20
BRH:15
end_of_record
TN:
SF:app\components\Search\Search.tsx
FN:4,(anonymous_1)
FN:7,(anonymous_2)
FN:11,(anonymous_3)
FN:15,(anonymous_4)
FNF:4
FNH:4
FNDA:4,(anonymous_1)
FNDA:1,(anonymous_2)
FNDA:1,(anonymous_3)
FNDA:2,(anonymous_4)
DA:1,1
DA:2,1
DA:4,1
DA:5,4
DA:7,4
DA:8,1
DA:11,4
DA:12,1
DA:15,4
DA:16,2
DA:17,2
DA:18,1
DA:22,4
DA:41,1
LF:14
LH:14
BRDA:17,0,0,1
BRF:1
BRH:1
end_of_record
TN:
SF:app\pages\Home\Home.tsx
FN:7,Home
FN:10,(anonymous_2)
FNF:2
FNH:2
FNDA:6,Home
FNDA:1,(anonymous_2)
DA:1,1
DA:2,1
DA:3,1
DA:4,1
DA:5,1
DA:8,6
DA:10,5
DA:11,1
DA:14,5
DA:15,4
DA:18,1
DA:34,1
LF:12
LH:12
BRDA:14,0,0,4
BRF:1
BRH:1
end_of_record
